Build started 3/28/2015 1:46:07 AM.
     1>Project "C:\Users\Billy\Dropbox\Website\Arena\C++\Arena\Arena\Arena.vcxproj" on node 2 (Build target(s)).
     1>ClCompile:
         C:\Program Files (x86)\Microsoft Visual Studio 12.0\VC\bin\CL.exe /c /Zi /nologo /W3 /WX- /sdl /Od /Oy- /D _MBCS /Gm /EHsc /RTC1 /MDd /GS /fp:precise /Zc:wchar_t /Zc:forScope /Fo"Debug\\" /Fd"Debug\vc120.pdb" /Gd /TP /analyze- /errorReport:prompt Classes\Board.cpp Classes\Main.cpp
         Main.cpp
         Board.cpp
     1>Classes\Board.cpp(132): warning C4390: ';' : empty controlled statement found; is this the intent?
         Generating Code...
       Link:
         C:\Program Files (x86)\Microsoft Visual Studio 12.0\VC\bin\link.exe /ERRORREPORT:PROMPT /OUT:"C:\Users\Billy\Dropbox\Website\Arena\C++\Arena\Debug\Arena.exe" /INCREMENTAL /NOLOGO kernel32.lib user32.lib gdi32.lib winspool.lib comdlg32.lib advapi32.lib shell32.lib ole32.lib oleaut32.lib uuid.lib odbc32.lib odbccp32.lib /MANIFEST /MANIFESTUAC:"level='asInvoker' uiAccess='false'" /manifest:embed /DEBUG /PDB:"C:\Users\Billy\Dropbox\Website\Arena\C++\Arena\Debug\Arena.pdb" /TLBID:1 /DYNAMICBASE /NXCOMPAT /IMPLIB:"C:\Users\Billy\Dropbox\Website\Arena\C++\Arena\Debug\Arena.lib" /MACHINE:X86 Debug\Assassin.obj
         Debug\Board.obj
         Debug\Edge.obj
         Debug\Frostbinder.obj
         Debug\Knight.obj
         Debug\Main.obj
         Debug\Marksman.obj
         Debug\Priest.obj
         Debug\Hag.obj
         Debug\Unit.obj
         Arena.vcxproj -> C:\Users\Billy\Dropbox\Website\Arena\C++\Arena\Debug\Arena.exe
     1>Done Building Project "C:\Users\Billy\Dropbox\Website\Arena\C++\Arena\Arena\Arena.vcxproj" (Build target(s)).

Build succeeded.

Time Elapsed 00:00:01.41
